#
# A fatal error has been detected by the Java Runtime Environment:
#
#  Internal Error (javaClasses.cpp:126), pid=1680, tid=4708
#  fatal error: Invalid layout of preloaded class
#
# JRE version:  (8.0_31-b13) (build )
# Java VM: Java HotSpot(TM) 64-Bit Server VM (25.31-b07 mixed mode windows-amd64 compressed oops)
# Failed to write core dump. Minidumps are not enabled by default on client versions of Windows
#
# If you would like to submit a bug report, please visit:
#   http://bugreport.java.com/bugreport/crash.jsp
#

---------------  T H R E A D  ---------------

Current thread (0x00000000021c0800):  JavaThread "Unknown thread" [_thread_in_vm, id=4708, stack(0x0000000001de0000,0x0000000001ee0000)]

Stack: [0x0000000001de0000,0x0000000001ee0000]
Native frames: (J=compiled Java code, j=interpreted, Vv=VM code, C=native code)
V  [jvm.dll+0x3169ba]
V  [jvm.dll+0x2674c3]
V  [jvm.dll+0x268103]
V  [jvm.dll+0x25f876]
V  [jvm.dll+0x5e443]
V  [jvm.dll+0x5e533]
V  [jvm.dll+0x72e9a]
V  [jvm.dll+0x73208]
V  [jvm.dll+0xe4997]
V  [jvm.dll+0xe4d26]
V  [jvm.dll+0x1fa057]
V  [jvm.dll+0x22b694]
V  [jvm.dll+0x14d8c1]
C  [javaw.exe+0x20c6]
C  [javaw.exe+0xc9eb]
C  [javaw.exe+0xca7f]
C  [KERNEL32.DLL+0x1842]
C  [ntdll.dll+0x3f9d1]


---------------  P R O C E S S  ---------------

Java Threads: ( => current thread )

Other Threads:

=>0x00000000021c0800 (exited) JavaThread "Unknown thread" [_thread_in_vm, id=4708, stack(0x0000000001de0000,0x0000000001ee0000)]

VM state:not at safepoint (not fully initialized)

VM Mutex/Monitor currently owned by a thread: None

GC Heap History (0 events):
No events

Deoptimization events (0 events):
No events

Internal exceptions (0 events):
No events

Events (10 events):
Event: 0.040 loading class java/lang/CharSequence done
Event: 0.041 loading class java/lang/String done
Event: 0.041 loading class java/lang/Class
Event: 0.041 loading class java/lang/reflect/AnnotatedElement
Event: 0.041 loading class java/lang/reflect/AnnotatedElement done
Event: 0.041 loading class java/lang/reflect/GenericDeclaration
Event: 0.041 loading class java/lang/reflect/GenericDeclaration done
Event: 0.041 loading class java/lang/reflect/Type
Event: 0.041 loading class java/lang/reflect/Type done
Event: 0.042 loading class java/lang/Class done


Dynamic libraries:
0x000007f637dd0000 - 0x000007f637e04000 	C:\Program Files\Java\jre1.8.0_31\bin\javaw.exe
0x000007fbb6890000 - 0x000007fbb6a4e000 	C:\Windows\SYSTEM32\ntdll.dll
0x000007fbb6430000 - 0x000007fbb6567000 	C:\Windows\system32\KERNEL32.DLL
0x000007fbb3b30000 - 0x000007fbb3c24000 	C:\Windows\system32\KERNELBASE.dll
0x000007fbb5940000 - 0x000007fbb5a1e000 	C:\Windows\system32\ADVAPI32.dll
0x000007fbb5f40000 - 0x000007fbb608c000 	C:\Windows\system32\USER32.dll
0x000007fbb1a40000 - 0x000007fbb1caa000 	C:\Windows\WinSxS\amd64_microsoft.windows.common-controls_6595b64144ccf1df_6.0.9200.16579_none_418ab7ef718b27ef\COMCTL32.dll
0x000007fbb5780000 - 0x000007fbb5825000 	C:\Windows\system32\msvcrt.dll
0x000007fbb5730000 - 0x000007fbb5778000 	C:\Windows\SYSTEM32\sechost.dll
0x000007fbb6570000 - 0x000007fbb66b5000 	C:\Windows\system32\RPCRT4.dll
0x000007fbb6710000 - 0x000007fbb6851000 	C:\Windows\system32\GDI32.dll
0x000007fbb5a20000 - 0x000007fbb5a59000 	C:\Windows\system32\IMM32.DLL
0x000007fbb5140000 - 0x000007fbb5256000 	C:\Windows\system32\MSCTF.dll
0x0000000056080000 - 0x0000000056152000 	C:\Program Files\Java\jre1.8.0_31\bin\msvcr100.dll
0x0000000055820000 - 0x000000005607a000 	C:\Program Files\Java\jre1.8.0_31\bin\server\jvm.dll
0x000007fbb1770000 - 0x000007fbb1779000 	C:\Windows\SYSTEM32\WSOCK32.dll
0x000007fbad920000 - 0x000007fbad940000 	C:\Windows\SYSTEM32\WINMM.dll
0x000007fbb6090000 - 0x000007fbb6097000 	C:\Windows\system32\PSAPI.DLL
0x000007fbb5830000 - 0x000007fbb5888000 	C:\Windows\system32\WS2_32.dll
0x000007fbad8e0000 - 0x000007fbad913000 	C:\Windows\SYSTEM32\WINMMBASE.dll
0x000007fbb3e40000 - 0x000007fbb3e49000 	C:\Windows\system32\NSI.dll
0x000007fbb37f0000 - 0x000007fbb383f000 	C:\Windows\SYSTEM32\cfgmgr32.dll
0x000007fbb3c30000 - 0x000007fbb3c52000 	C:\Windows\system32\DEVOBJ.dll
0x0000000057300000 - 0x000000005730f000 	C:\Program Files\Java\jre1.8.0_31\bin\verify.dll
0x00000000557f0000 - 0x0000000055818000 	C:\Program Files\Java\jre1.8.0_31\bin\java.dll
0x00000000557d0000 - 0x00000000557e6000 	C:\Program Files\Java\jre1.8.0_31\bin\zip.dll
0x000007fba4f90000 - 0x000007fba50f3000 	C:\Windows\SYSTEM32\dbghelp.dll

VM Arguments:
jvm_args: -Dfile.encoding=Cp1252 -Xbootclasspath:C:\android-sdks\platforms\android-22\android.jar 
java_command: Teste
java_class_path (initial): C:\Workspace Eclipse Indigo\Utility\libs\android-support-v4.jar;C:\android-sdks\extras\google\google_play_services_froyo\libproject\google-play-services_lib\libs\google-play-services.jar;C:\Workspace Eclipse Indigo\appcompat_v7\libs\android-support-v7-appcompat.jar;C:\android-sdks\extras\google\google_play_services_froyo\libproject\google-play-services_lib\bin\google-play-services_lib.jar;C:\Workspace Eclipse Indigo\appcompat_v7\bin\appcompat_v7.jar;C:\Workspace Eclipse Indigo\Utility\bin\classes
Launcher Type: SUN_STANDARD

Environment Variables:
PATH=C:/Program Files/Java/jre1.8.0_51/bin/server;C:/Program Files/Java/jre1.8.0_51/bin;C:/Program Files/Java/jre1.8.0_51/lib/amd64;C:\ProgramData\Oracle\Java\javapath;C:\Windows\system32;C:\Windows;C:\Windows\System32\Wbem;C:\Windows\System32\WindowsPowerShell\v1.0\;C:\Program Files (x86)\WinMerge;C:\CooCox\CoIDE\gcc\bin;;C:\Eclipse Indigo Android_Junho _2015\eclipse;
USERNAME=Valter PC
OS=Windows_NT
PROCESSOR_IDENTIFIER=Intel64 Family 6 Model 42 Stepping 7, GenuineIntel



---------------  S Y S T E M  ---------------

OS: Windows 8 , 64 bit Build 9200 

CPU:total 2 (2 cores per cpu, 1 threads per core) family 6 model 42 stepping 7, cmov, cx8, fxsr, mmx, sse, sse2, sse3, ssse3, sse4.1, sse4.2, popcnt, clmul, tsc, tscinvbit

Memory: 4k page, physical 4081908k(1942320k free), swap 4933876k(2502816k free)

vm_info: Java HotSpot(TM) 64-Bit Server VM (25.31-b07) for windows-amd64 JRE (1.8.0_31-b13), built on Dec 17 2014 21:00:28 by "java_re" with MS VC++ 10.0 (VS2010)

time: Sat Sep 26 09:31:24 2015
elapsed time: 0 seconds (0d 0h 0m 0s)

