#
# A fatal error has been detected by the Java Runtime Environment:
#
#  Internal Error (javaClasses.cpp:126), pid=5248, tid=4380
#  fatal error: Invalid layout of preloaded class
#
# JRE version:  (8.0_31-b13) (build )
# Java VM: Java HotSpot(TM) 64-Bit Server VM (25.31-b07 mixed mode windows-amd64 compressed oops)
# Failed to write core dump. Minidumps are not enabled by default on client versions of Windows
#
# If you would like to submit a bug report, please visit:
#   http://bugreport.java.com/bugreport/crash.jsp
#

---------------  T H R E A D  ---------------

Current thread (0x0000000002c30800):  JavaThread "Unknown thread" [_thread_in_vm, id=4380, stack(0x0000000002850000,0x0000000002950000)]

Stack: [0x0000000002850000,0x0000000002950000]
Native frames: (J=compiled Java code, j=interpreted, Vv=VM code, C=native code)
V  [jvm.dll+0x3169ba]
V  [jvm.dll+0x2674c3]
V  [jvm.dll+0x268103]
V  [jvm.dll+0x25f876]
V  [jvm.dll+0x5e443]
V  [jvm.dll+0x5e533]
V  [jvm.dll+0x72e9a]
V  [jvm.dll+0x73208]
V  [jvm.dll+0xe4997]
V  [jvm.dll+0xe4d26]
V  [jvm.dll+0x1fa057]
V  [jvm.dll+0x22b694]
V  [jvm.dll+0x14d8c1]
C  [javaw.exe+0x20c6]
C  [javaw.exe+0xc9eb]
C  [javaw.exe+0xca7f]
C  [KERNEL32.DLL+0x1842]
C  [ntdll.dll+0x3f9d1]


---------------  P R O C E S S  ---------------

Java Threads: ( => current thread )

Other Threads:

=>0x0000000002c30800 (exited) JavaThread "Unknown thread" [_thread_in_vm, id=4380, stack(0x0000000002850000,0x0000000002950000)]

VM state:not at safepoint (not fully initialized)

VM Mutex/Monitor currently owned by a thread: None

GC Heap History (0 events):
No events

Deoptimization events (0 events):
No events

Internal exceptions (0 events):
No events

Events (10 events):
Event: 0.077 loading class java/lang/CharSequence done
Event: 0.078 loading class java/lang/String done
Event: 0.078 loading class java/lang/Class
Event: 0.078 loading class java/lang/reflect/AnnotatedElement
Event: 0.078 loading class java/lang/reflect/AnnotatedElement done
Event: 0.078 loading class java/lang/reflect/GenericDeclaration
Event: 0.089 loading class java/lang/reflect/GenericDeclaration done
Event: 0.089 loading class java/lang/reflect/Type
Event: 0.089 loading class java/lang/reflect/Type done
Event: 0.090 loading class java/lang/Class done


Dynamic libraries:
0x000007f7ee8b0000 - 0x000007f7ee8e4000 	C:\Program Files\Java\jre1.8.0_31\bin\javaw.exe
0x000007f80ff70000 - 0x000007f81012e000 	C:\Windows\SYSTEM32\ntdll.dll
0x000007f80fca0000 - 0x000007f80fdd7000 	C:\Windows\system32\KERNEL32.DLL
0x000007f80d240000 - 0x000007f80d334000 	C:\Windows\system32\KERNELBASE.dll
0x000007f80fbc0000 - 0x000007f80fc9e000 	C:\Windows\system32\ADVAPI32.dll
0x000007f80e9e0000 - 0x000007f80eb2c000 	C:\Windows\system32\USER32.dll
0x000007f80ac20000 - 0x000007f80ae8a000 	C:\Windows\WinSxS\amd64_microsoft.windows.common-controls_6595b64144ccf1df_6.0.9200.16579_none_418ab7ef718b27ef\COMCTL32.dll
0x000007f80f620000 - 0x000007f80f6c5000 	C:\Windows\system32\msvcrt.dll
0x000007f80ed30000 - 0x000007f80ed78000 	C:\Windows\SYSTEM32\sechost.dll
0x000007f80eb30000 - 0x000007f80ec75000 	C:\Windows\system32\RPCRT4.dll
0x000007f80f4d0000 - 0x000007f80f611000 	C:\Windows\system32\GDI32.dll
0x000007f80fa50000 - 0x000007f80fa89000 	C:\Windows\system32\IMM32.DLL
0x000007f80d5d0000 - 0x000007f80d6e6000 	C:\Windows\system32\MSCTF.dll
0x000000005db60000 - 0x000000005dc32000 	C:\Program Files\Java\jre1.8.0_31\bin\msvcr100.dll
0x000000005d300000 - 0x000000005db5a000 	C:\Program Files\Java\jre1.8.0_31\bin\server\jvm.dll
0x000007f80ae90000 - 0x000007f80ae99000 	C:\Windows\SYSTEM32\WSOCK32.dll
0x000007f807210000 - 0x000007f807230000 	C:\Windows\SYSTEM32\WINMM.dll
0x000007f80f4c0000 - 0x000007f80f4c7000 	C:\Windows\system32\PSAPI.DLL
0x000007f80fde0000 - 0x000007f80fe38000 	C:\Windows\system32\WS2_32.dll
0x000007f807130000 - 0x000007f807163000 	C:\Windows\SYSTEM32\WINMMBASE.dll
0x000007f80f870000 - 0x000007f80f879000 	C:\Windows\system32\NSI.dll
0x000007f80d0f0000 - 0x000007f80d13f000 	C:\Windows\SYSTEM32\cfgmgr32.dll
0x000007f80d1f0000 - 0x000007f80d212000 	C:\Windows\system32\DEVOBJ.dll
0x000000005d2f0000 - 0x000000005d2ff000 	C:\Program Files\Java\jre1.8.0_31\bin\verify.dll
0x000000005d2c0000 - 0x000000005d2e8000 	C:\Program Files\Java\jre1.8.0_31\bin\java.dll
0x000000005d2a0000 - 0x000000005d2b6000 	C:\Program Files\Java\jre1.8.0_31\bin\zip.dll
0x000007fffdf80000 - 0x000007fffe0e3000 	C:\Windows\SYSTEM32\dbghelp.dll

VM Arguments:
jvm_args: -Dfile.encoding=Cp1252 -Xbootclasspath:C:\android-sdks\platforms\android-22\android.jar 
java_command: Teste
java_class_path (initial): C:\Workspace Eclipse Indigo\Utility\libs\android-support-v4.jar;C:\android-sdks\extras\google\google_play_services_froyo\libproject\google-play-services_lib\libs\google-play-services.jar;C:\Workspace Eclipse Indigo\appcompat_v7\libs\android-support-v7-appcompat.jar;C:\android-sdks\extras\google\google_play_services_froyo\libproject\google-play-services_lib\bin\google-play-services_lib.jar;C:\Workspace Eclipse Indigo\appcompat_v7\bin\appcompat_v7.jar;C:\Workspace Eclipse Indigo\Utility\bin\classes
Launcher Type: SUN_STANDARD

Environment Variables:
PATH=C:/Program Files/Java/jre1.8.0_60/bin/server;C:/Program Files/Java/jre1.8.0_60/bin;C:/Program Files/Java/jre1.8.0_60/lib/amd64;C:\Program Files (x86)\Common Files\Intel\Shared Files\cpp\bin\Intel64;C:\ProgramData\Oracle\Java\javapath;C:\Windows\system32;C:\Windows;C:\Windows\System32\Wbem;C:\Windows\System32\WindowsPowerShell\v1.0\;C:\Program Files (x86)\WinMerge;C:\CooCox\CoIDE\gcc\bin;;C:\Eclipse Indigo Android_Junho _2015\eclipse;
USERNAME=Valter PC
OS=Windows_NT
PROCESSOR_IDENTIFIER=Intel64 Family 6 Model 42 Stepping 7, GenuineIntel



---------------  S Y S T E M  ---------------

OS: Windows 8 , 64 bit Build 9200 

CPU:total 2 (2 cores per cpu, 1 threads per core) family 6 model 42 stepping 7, cmov, cx8, fxsr, mmx, sse, sse2, sse3, ssse3, sse4.1, sse4.2, popcnt, clmul, tsc, tscinvbit

Memory: 4k page, physical 4081908k(941548k free), swap 5982452k(2381332k free)

vm_info: Java HotSpot(TM) 64-Bit Server VM (25.31-b07) for windows-amd64 JRE (1.8.0_31-b13), built on Dec 17 2014 21:00:28 by "java_re" with MS VC++ 10.0 (VS2010)

time: Sat Nov 14 09:49:07 2015
elapsed time: 0 seconds (0d 0h 0m 0s)

